=== LAYER 1 INTEGRATION TEST FAILURE ===
Test Case: number_literals
Input File: "/home/jirka/repositories/cprime/build/../test_cases/number_literals/layer1"
Expected File: "/home/jirka/repositories/cprime/build/../test_cases/number_literals/layer2"
Timestamp: 1754931539600153458

=== FAILURE REASON ===
Token count mismatch: expected 15, got 27

=== INPUT CONTENT ===
int x = 42;
float pi = 3.14f;
double d = 2.718;

=== EXPECTED OUTPUT ===
# Expected Layer 1 tokenization output  
# Number literal test case

TOKEN: raw=KEYWORD, token=INT, pos=0, line=1, col=1, value=none
TOKEN: raw=IDENTIFIER, token=IDENTIFIER, pos=4, line=1, col=5, value=StringIndex[0]:"x"
TOKEN: raw=PUNCTUATION, token=ASSIGN, pos=6, line=1, col=7, value=none
TOKEN: raw=LITERAL, token=INT_LITERAL, pos=8, line=1, col=9, value=int32:42
TOKEN: raw=PUNCTUATION, token=SEMICOLON, pos=10, line=1, col=11, value=none
TOKEN: raw=KEYWORD, token=FLOAT, pos=12, line=2, col=1, value=none
TOKEN: raw=IDENTIFIER, token=IDENTIFIER, pos=18, line=2, col=7, value=StringIndex[1]:"pi"
TOKEN: raw=PUNCTUATION, token=ASSIGN, pos=21, line=2, col=10, value=none
TOKEN: raw=LITERAL, token=FLOAT_LITERAL, pos=23, line=2, col=12, value=float:3.14
TOKEN: raw=PUNCTUATION, token=SEMICOLON, pos=28, line=2, col=17, value=none
TOKEN: raw=KEYWORD, token=DOUBLE, pos=30, line=3, col=1, value=none
TOKEN: raw=IDENTIFIER, token=IDENTIFIER, pos=37, line=3, col=8, value=StringIndex[2]:"d"
TOKEN: raw=PUNCTUATION, token=ASSIGN, pos=39, line=3, col=10, value=none
TOKEN: raw=LITERAL, token=DOUBLE_LITERAL, pos=41, line=3, col=12, value=double:2.718
TOKEN: raw=PUNCTUATION, token=SEMICOLON, pos=46, line=3, col=17, value=none

=== ACTUAL OUTPUT ===
TOKEN: raw=IDENTIFIER, token=, pos=0, line=1, col=1, value=StringIndex[0]:"int"
TOKEN: raw=WHITESPACE, token=, pos=3, line=1, col=4, value=none
TOKEN: raw=IDENTIFIER, token=, pos=3, line=1, col=4, value=StringIndex[1]:"x"
TOKEN: raw=WHITESPACE, token=, pos=5, line=1, col=6, value=none
TOKEN: raw=KEYWORD, token=, pos=5, line=1, col=6, value=none
TOKEN: raw=WHITESPACE, token=, pos=7, line=1, col=8, value=none
TOKEN: raw=LITERAL, token=INT_LITERAL, pos=7, line=1, col=8, value=int32:42
TOKEN: raw=SEMICOLON, token=, pos=10, line=1, col=11, value=none
TOKEN: raw=NEWLINE, token=, pos=11, line=1, col=12, value=none
TOKEN: raw=KEYWORD, token=FLOAT, pos=11, line=1, col=12, value=none
TOKEN: raw=WHITESPACE, token=, pos=17, line=2, col=6, value=none
TOKEN: raw=IDENTIFIER, token=, pos=17, line=2, col=6, value=StringIndex[2]:"pi"
TOKEN: raw=WHITESPACE, token=, pos=20, line=2, col=9, value=none
TOKEN: raw=KEYWORD, token=, pos=20, line=2, col=9, value=none
TOKEN: raw=WHITESPACE, token=, pos=22, line=2, col=11, value=none
TOKEN: raw=LITERAL, token=FLOAT_LITERAL, pos=22, line=2, col=11, value=float:3.140000
TOKEN: raw=SEMICOLON, token=, pos=28, line=2, col=17, value=none
TOKEN: raw=NEWLINE, token=, pos=29, line=2, col=18, value=none
TOKEN: raw=KEYWORD, token=DOUBLE, pos=29, line=2, col=18, value=none
TOKEN: raw=WHITESPACE, token=, pos=36, line=3, col=7, value=none
TOKEN: raw=IDENTIFIER, token=, pos=36, line=3, col=7, value=StringIndex[3]:"d"
TOKEN: raw=WHITESPACE, token=, pos=38, line=3, col=9, value=none
TOKEN: raw=KEYWORD, token=, pos=38, line=3, col=9, value=none
TOKEN: raw=WHITESPACE, token=, pos=40, line=3, col=11, value=none
TOKEN: raw=LITERAL, token=DOUBLE_LITERAL, pos=40, line=3, col=11, value=double:2.718000
TOKEN: raw=SEMICOLON, token=, pos=46, line=3, col=17, value=none
TOKEN: raw=EOF_TOKEN, token=, pos=47, line=3, col=18, value=none

=== STRING TABLE STATE ===
Unique strings: 4
Total characters: 7
Average length: 1
[0]: "int"
[1]: "x"
[2]: "pi"
[3]: "d"

=== SELECTIVE BUFFER TRACE ===
(Buffer trace temporarily disabled - needs spdlog log_msg_buffer implementation)

